<?xml version="1.0" encoding="utf-8"?><testsuites name="pytest tests"><testsuite name="pytest" errors="0" failures="0" skipped="0" tests="9" time="2.049" timestamp="2026-07-16T06:55:57.328746+00:00" hostname="agent-env-cf279e99-8c1d-4eda-a524-7dd30d9070a4"><testcase classname="backend.tests.test_archive_dealers" name="test_zero_sub_hard_delete" time="0.483" /><testcase classname="backend.tests.test_archive_dealers" name="test_delete_with_subs_blocks_409" time="0.303" /><testcase classname="backend.tests.test_archive_dealers" name="test_archive_dealer" time="0.213" /><testcase classname="backend.tests.test_archive_dealers" name="test_archived_login_403_with_archived_msg" time="0.136" /><testcase classname="backend.tests.test_archive_dealers" name="test_billing_row_archived_flag" time="0.042" /><testcase classname="backend.tests.test_archive_dealers" name="test_restore_dealer" time="0.180" /><testcase classname="backend.tests.test_archive_dealers" name="test_restore_non_archived_400" time="0.081" /><testcase classname="backend.tests.test_archive_dealers" name="test_suspend_still_works_independently" time="0.269" /><testcase classname="backend.tests.test_archive_dealers" name="test_zz_cleanup_leaves_minitest_usable" time="0.227" /></testsuite></testsuites>