<?xml version="1.0" encoding="utf-8"?><testsuites name="pytest tests"><testsuite name="pytest" errors="0" failures="0" skipped="1" tests="8" time="1.305" timestamp="2026-07-19T21:58:56.844842+00:00" hostname="agent-env-cf279e99-8c1d-4eda-a524-7dd30d9070a4"><testcase classname="backend.tests.test_billing_grouped_by_dealership" name="test_admin_billing_row_shape" time="0.803" /><testcase classname="backend.tests.test_billing_grouped_by_dealership" name="test_amount_zar_math_per_row" time="0.000" /><testcase classname="backend.tests.test_billing_grouped_by_dealership" name="test_totals_roll_up" time="0.000" /><testcase classname="backend.tests.test_billing_grouped_by_dealership" name="test_multi_user_dealership_appears_as_one_row" time="0.000" /><testcase classname="backend.tests.test_billing_grouped_by_dealership" name="test_ford_bryanston_grouping" time="0.258" /><testcase classname="backend.tests.test_billing_grouped_by_dealership" name="test_legacy_row_shape_if_present" time="0.000"><skipped type="pytest.skip" message="No legacy rows present — migration is clean (expected).">/app/backend/tests/test_billing_grouped_by_dealership.py:191: No legacy rows present — migration is clean (expected).</skipped></testcase><testcase classname="backend.tests.test_billing_grouped_by_dealership" name="test_admin_billing_requires_admin" time="0.044" /><testcase classname="backend.tests.test_billing_grouped_by_dealership" name="test_dealer_billing_my_regression" time="0.150" /></testsuite></testsuites>