<?xml version="1.0" encoding="utf-8"?><testsuites name="pytest tests"><testsuite name="pytest" errors="0" failures="0" skipped="0" tests="17" time="1.931" timestamp="2026-07-16T01:34:24.790838+00:00" hostname="agent-env-cf279e99-8c1d-4eda-a524-7dd30d9070a4"><testcase classname="backend.tests.test_billing_dealers" name="test_admin_login_ok" time="0.297" /><testcase classname="backend.tests.test_billing_dealers" name="test_admin_dealers_has_billing_fields" time="0.159" /><testcase classname="backend.tests.test_billing_dealers" name="test_agreement_status_starts_false" time="0.047" /><testcase classname="backend.tests.test_billing_dealers" name="test_submission_without_agreement_409" time="0.045" /><testcase classname="backend.tests.test_billing_dealers" name="test_agreement_accept" time="0.088" /><testcase classname="backend.tests.test_billing_dealers" name="test_submission_without_billing_accepted_400" time="0.043" /><testcase classname="backend.tests.test_billing_dealers" name="test_create_submission_ok" time="0.047" /><testcase classname="backend.tests.test_billing_dealers" name="test_suspend_dealer_blocks_login" time="0.305" /><testcase classname="backend.tests.test_billing_dealers" name="test_patch_dealer_phone" time="0.090" /><testcase classname="backend.tests.test_billing_dealers" name="test_patch_dealer_empty_400" time="0.048" /><testcase classname="backend.tests.test_billing_dealers" name="test_patch_dealer_email_collision_409" time="0.051" /><testcase classname="backend.tests.test_billing_dealers" name="test_password_reset" time="0.301" /><testcase classname="backend.tests.test_billing_dealers" name="test_admin_submissions_billable_flag" time="0.046" /><testcase classname="backend.tests.test_billing_dealers" name="test_price_submission_and_billing_report" time="0.142" /><testcase classname="backend.tests.test_billing_dealers" name="test_billing_bad_month_400" time="0.043" /><testcase classname="backend.tests.test_billing_dealers" name="test_auth_me_exposes_active_and_agreement" time="0.044" /><testcase classname="backend.tests.test_billing_dealers" name="test_zz_cleanup" time="0.044" /></testsuite></testsuites>