<?xml version="1.0" encoding="utf-8"?><testsuites name="pytest tests"><testsuite name="pytest" errors="0" failures="0" skipped="0" tests="22" time="2.874" timestamp="2026-07-16T18:39:58.566557+00:00" hostname="agent-env-cf279e99-8c1d-4eda-a524-7dd30d9070a4"><testcase classname="backend.tests.test_dealer_photos" name="test_health" time="0.210" /><testcase classname="backend.tests.test_dealer_photos.TestDealerPhotos" name="test_upload_both_photos_persists" time="0.286" /><testcase classname="backend.tests.test_dealer_photos.TestDealerPhotos" name="test_get_single_dealer_includes_photos" time="0.053" /><testcase classname="backend.tests.test_dealer_photos.TestDealerPhotos" name="test_dealer_list_includes_photos_when_set" time="0.054" /><testcase classname="backend.tests.test_dealer_photos.TestDealerPhotos" name="test_clear_profile_pic_with_empty_string" time="0.052" /><testcase classname="backend.tests.test_dealer_photos.TestDealerPhotos" name="test_clear_cover_with_empty_string" time="0.078" /><testcase classname="backend.tests.test_dealer_photos.TestDealerPhotos" name="test_empty_body_400" time="0.056" /><testcase classname="backend.tests.test_dealer_photos.TestDealerPhotos" name="test_upload_404_when_missing" time="0.067" /><testcase classname="backend.tests.test_dealer_photos.TestAuthPayloadIncludesPhotos" name="test_dealer_login_includes_photo_keys" time="0.160" /><testcase classname="backend.tests.test_dealer_photos.TestAuthPayloadIncludesPhotos" name="test_auth_me_includes_photo_keys" time="0.154" /><testcase classname="backend.tests.test_dealer_photos.TestAuthPayloadIncludesPhotos" name="test_seeded_dealer_login_has_photo_keys" time="0.113" /><testcase classname="backend.tests.test_dealer_photos.TestPhotoRBAC" name="test_dealer_cannot_upload_photos" time="0.052" /><testcase classname="backend.tests.test_dealer_photos.TestPhotoRBAC" name="test_dealer_cannot_get_admin_dealer" time="0.054" /><testcase classname="backend.tests.test_dealer_photos.TestPhotoRBAC" name="test_no_token_401" time="0.047" /><testcase classname="backend.tests.test_dealer_photos.TestRegression" name="test_admin_submissions_buckets" time="0.054" /><testcase classname="backend.tests.test_dealer_photos.TestRegression" name="test_admin_billing" time="0.049" /><testcase classname="backend.tests.test_dealer_photos.TestRegression" name="test_vehicle_makes" time="0.052" /><testcase classname="backend.tests.test_dealer_photos.TestRegression" name="test_admin_dealers_list" time="0.062" /><testcase classname="backend.tests.test_dealer_photos.TestRegression" name="test_dealer_patch_still_works" time="0.058" /><testcase classname="backend.tests.test_dealer_photos.TestRegression" name="test_dealer_active_toggle" time="0.103" /><testcase classname="backend.tests.test_dealer_photos.TestRegression" name="test_archive_and_restore" time="0.264" /><testcase classname="backend.tests.test_dealer_photos.TestRegression" name="test_create_submission_and_price" time="0.713" /></testsuite></testsuites>