<?xml version="1.0" encoding="utf-8"?><testsuites name="pytest tests"><testsuite name="pytest" errors="0" failures="0" skipped="0" tests="5" time="3.684" timestamp="2026-07-19T21:13:07.130502+00:00" hostname="agent-env-cf279e99-8c1d-4eda-a524-7dd30d9070a4"><testcase classname="backend.tests.test_dealership_cascade.TestDealershipCascade" name="test_patch_dealership_active_false_cascades_to_users" time="1.186" /><testcase classname="backend.tests.test_dealership_cascade.TestDealershipCascade" name="test_suspended_users_cannot_login" time="0.412" /><testcase classname="backend.tests.test_dealership_cascade.TestDealershipCascade" name="test_patch_dealership_active_true_reenables_users" time="0.768" /><testcase classname="backend.tests.test_dealership_cascade.TestDealershipCascade" name="test_cascade_does_not_touch_archived_users" time="0.899" /><testcase classname="backend.tests.test_dealership_cascade.TestDealershipCascade" name="test_admin_dealers_response_includes_dealership_field" time="0.358" /></testsuite></testsuites>