<?xml version="1.0" encoding="utf-8"?><testsuites name="pytest tests"><testsuite name="pytest" errors="0" failures="0" skipped="0" tests="6" time="1.916" timestamp="2026-07-19T21:36:00.949427+00:00" hostname="agent-env-cf279e99-8c1d-4eda-a524-7dd30d9070a4"><testcase classname="backend.tests.test_dealer_job_title" name="test_set_job_title" time="0.728" /><testcase classname="backend.tests.test_dealer_job_title" name="test_get_persists_job_title" time="0.279" /><testcase classname="backend.tests.test_dealer_job_title" name="test_clear_job_title_via_empty_string" time="0.283" /><testcase classname="backend.tests.test_dealer_job_title" name="test_omitting_job_title_leaves_existing_intact" time="0.237" /><testcase classname="backend.tests.test_dealer_job_title" name="test_job_title_does_not_overwrite_other_fields" time="0.212" /><testcase classname="backend.tests.test_dealer_job_title" name="test_final_cleanup_clear_job_title" time="0.123" /></testsuite></testsuites>