<?xml version="1.0" encoding="utf-8"?><testsuites name="pytest tests"><testsuite name="pytest" errors="0" failures="0" skipped="0" tests="26" time="3.012" timestamp="2026-07-16T20:46:06.105515+00:00" hostname="agent-env-cf279e99-8c1d-4eda-a524-7dd30d9070a4"><testcase classname="backend.tests.test_four_pillars" name="test_health" time="0.193" /><testcase classname="backend.tests.test_four_pillars.TestPillarsRequired" name="test_missing_pillar_rejected_422[mechanical_condition]" time="0.285" /><testcase classname="backend.tests.test_four_pillars.TestPillarsRequired" name="test_missing_pillar_rejected_422[cosmetic_condition]" time="0.088" /><testcase classname="backend.tests.test_four_pillars.TestPillarsRequired" name="test_missing_pillar_rejected_422[interior_condition]" time="0.073" /><testcase classname="backend.tests.test_four_pillars.TestPillarsRequired" name="test_missing_pillar_rejected_422[history_condition]" time="0.085" /><testcase classname="backend.tests.test_four_pillars.TestPillarsRequired" name="test_all_four_present_succeeds" time="0.093" /><testcase classname="backend.tests.test_four_pillars.TestLegacyFieldsOptional" name="test_omitting_exterior_and_tyre_succeeds" time="0.110" /><testcase classname="backend.tests.test_four_pillars.TestLegacyFieldsOptional" name="test_legacy_client_sending_exterior_and_tyre_still_ok" time="0.103" /><testcase classname="backend.tests.test_four_pillars.TestPersistedShape" name="test_pillars_and_condition_alias" time="0.100" /><testcase classname="backend.tests.test_four_pillars.TestPersistedShape" name="test_condition_alias_various" time="0.143" /><testcase classname="backend.tests.test_four_pillars.TestGetPillars" name="test_get_returns_four_pillars" time="0.159" /><testcase classname="backend.tests.test_four_pillars.TestBogusRejected" name="test_out_of_range_rejected[0]" time="0.077" /><testcase classname="backend.tests.test_four_pillars.TestBogusRejected" name="test_out_of_range_rejected[-1]" time="0.081" /><testcase classname="backend.tests.test_four_pillars.TestBogusRejected" name="test_out_of_range_rejected[11]" time="0.084" /><testcase classname="backend.tests.test_four_pillars.TestBogusRejected" name="test_out_of_range_rejected[100]" time="0.076" /><testcase classname="backend.tests.test_four_pillars.TestBogusRejected" name="test_string_rejected" time="0.079" /><testcase classname="backend.tests.test_four_pillars.TestBogusRejected" name="test_each_pillar_rejects_zero[cosmetic_condition]" time="0.070" /><testcase classname="backend.tests.test_four_pillars.TestBogusRejected" name="test_each_pillar_rejects_zero[interior_condition]" time="0.097" /><testcase classname="backend.tests.test_four_pillars.TestBogusRejected" name="test_each_pillar_rejects_zero[history_condition]" time="0.102" /><testcase classname="backend.tests.test_four_pillars.TestRegression" name="test_admin_submissions_ok" time="0.245" /><testcase classname="backend.tests.test_four_pillars.TestRegression" name="test_admin_submissions_bucket_filters[incoming]" time="0.126" /><testcase classname="backend.tests.test_four_pillars.TestRegression" name="test_admin_submissions_bucket_filters[priced]" time="0.089" /><testcase classname="backend.tests.test_four_pillars.TestRegression" name="test_admin_submissions_bucket_filters[archived]" time="0.095" /><testcase classname="backend.tests.test_four_pillars.TestRegression" name="test_admin_billing_ok" time="0.067" /><testcase classname="backend.tests.test_four_pillars.TestRegression" name="test_dealer_photos_endpoint_ok" time="0.066" /><testcase classname="backend.tests.test_four_pillars.TestRegression" name="test_legacy_seeded_submission_still_fetches" time="0.148" /></testsuite></testsuites>