<?xml version="1.0" encoding="utf-8"?><testsuites name="pytest tests"><testsuite name="pytest" errors="0" failures="0" skipped="3" tests="14" time="3.548" timestamp="2026-08-17T23:02:42.221165+00:00" hostname="agent-env-cf279e99-8c1d-4eda-a524-7dd30d9070a4"><testcase classname="backend.tests.test_iteration_65_billing_pivot.TestRemovedEndpoint" name="test_deposit_request_removed" time="0.467" /><testcase classname="backend.tests.test_iteration_65_billing_pivot.TestBillingSummaryShape" name="test_summary_has_no_deposit_requests_key" time="0.138" /><testcase classname="backend.tests.test_iteration_65_billing_pivot.TestStrictAllocation" name="test_unallocated_payment_rejected_400" time="0.148" /><testcase classname="backend.tests.test_iteration_65_billing_pivot.TestStrictAllocation" name="test_both_allocation_rejected_400" time="0.124" /><testcase classname="backend.tests.test_iteration_65_billing_pivot.TestStrictAllocation" name="test_unknown_invoice_id_404" time="0.161" /><testcase classname="backend.tests.test_iteration_65_billing_pivot.TestStrictAllocation" name="test_deposit_topup_increases_wallet" time="0.377" /><testcase classname="backend.tests.test_iteration_65_billing_pivot.TestInvoicePayment" name="test_partial_payment_flips_to_partial" time="0.255"><skipped type="pytest.skip" message="No outstanding invoice available and generate returned 409: {&quot;detail&quot;:&quot;No billable activity in July 2026.&quot;}">/app/backend/tests/test_iteration_65_billing_pivot.py:168: No outstanding invoice available and generate returned 409: {"detail":"No billable activity in July 2026."}</skipped></testcase><testcase classname="backend.tests.test_iteration_65_billing_pivot.TestInvoicePayment" name="test_full_payment_flips_to_paid_and_wallet_grows" time="0.000"><skipped type="pytest.skip" message="No outstanding invoice available and generate returned 409: {&quot;detail&quot;:&quot;No billable activity in July 2026.&quot;}">/app/backend/tests/test_iteration_65_billing_pivot.py:193: No outstanding invoice available and generate returned 409: {"detail":"No billable activity in July 2026."}</skipped></testcase><testcase classname="backend.tests.test_iteration_65_billing_pivot.TestInvoicePayment" name="test_auto_reemail_updates_emailed_at" time="0.000"><skipped type="pytest.skip" message="No outstanding invoice available and generate returned 409: {&quot;detail&quot;:&quot;No billable activity in July 2026.&quot;}">/app/backend/tests/test_iteration_65_billing_pivot.py:222: No outstanding invoice available and generate returned 409: {"detail":"No billable activity in July 2026."}</skipped></testcase><testcase classname="backend.tests.test_iteration_65_billing_pivot.TestResendInvoiceEmail" name="test_resend_email" time="0.643" /><testcase classname="backend.tests.test_iteration_65_billing_pivot.TestResendInvoiceEmail" name="test_resend_email_bad_invoice_404" time="0.152" /><testcase classname="backend.tests.test_iteration_65_billing_pivot.TestMonthlyBatch" name="test_run_monthly_batch_shape_and_idempotent" time="0.344" /><testcase classname="backend.tests.test_iteration_65_billing_pivot.TestDealerMySummary" name="test_my_summary_returns_payments_not_deposits" time="0.312" /><testcase classname="backend.tests.test_iteration_65_billing_pivot.TestDepositRefund" name="test_refund_lowers_wallet" time="0.369" /></testsuite></testsuites>