<?xml version="1.0" encoding="utf-8"?><testsuites name="pytest tests"><testsuite name="pytest" errors="0" failures="2" skipped="0" tests="9" time="18.053" timestamp="2026-08-27T01:19:07.510053+00:00" hostname="agent-env-cf279e99-8c1d-4eda-a524-7dd30d9070a4"><testcase classname="backend.tests.test_vin_reports_cartrust.TestMakesCatalog" name="test_makes_endpoint_returns_list" time="0.439" /><testcase classname="backend.tests.test_vin_reports_cartrust.TestMakesCatalog" name="test_suzuki_in_makes" time="0.174" /><testcase classname="backend.tests.test_vin_reports_cartrust.TestMakesCatalog" name="test_porsche_ferrari_appended" time="0.193" /><testcase classname="backend.tests.test_vin_reports_cartrust.TestMakesCatalog" name="test_admin_catalog_makes_present" time="0.167" /><testcase classname="backend.tests.test_vin_reports_cartrust.TestAvailableForSuzuki" name="test_available_suzuki_contains_cartrust_and_vin_history" time="0.132" /><testcase classname="backend.tests.test_vin_reports_cartrust.TestCarTrustOrderValidation" name="test_missing_registration_returns_400" time="0.107"><failure message="AssertionError: expected 400, got 502: &lt;!DOCTYPE html&gt;&#10;  &lt;!--[if lt IE 7]&gt; &lt;html class=&quot;no-js ie6 oldie&quot; lang=&quot;en-US&quot;&gt; &lt;![endif]--&gt;&#10;  &lt;!--[if IE 7]&gt;    &lt;html class=&quot;no-js ie7 oldie&quot; lang=&quot;en-US&quot;&gt; &lt;![endif]--&gt;&#10;  &lt;!--[if IE 8]&gt;    &lt;html class=&quot;no-js ie8 oldie&quot; lang=&quot;en-US&quot;&gt; &lt;![endif]--&gt;&#10;  &lt;!--[if gt IE 8]&gt;&lt;!--&gt; &lt;html class=&quot;no-js&quot; lang=&quot;en-US&quot;&gt; &lt;!&#10;assert 502 == 400&#10; +  where 502 = &lt;Response [502]&gt;.status_code">backend/tests/test_vin_reports_cartrust.py:124: in test_missing_registration_returns_400
    assert r.status_code == 400, f"expected 400, got {r.status_code}: {r.text[:300]}"
E   AssertionError: expected 400, got 502: &lt;!DOCTYPE html&gt;
E     &lt;!--[if lt IE 7]&gt; &lt;html class="no-js ie6 oldie" lang="en-US"&gt; &lt;![endif]--&gt;
E     &lt;!--[if IE 7]&gt;    &lt;html class="no-js ie7 oldie" lang="en-US"&gt; &lt;![endif]--&gt;
E     &lt;!--[if IE 8]&gt;    &lt;html class="no-js ie8 oldie" lang="en-US"&gt; &lt;![endif]--&gt;
E     &lt;!--[if gt IE 8]&gt;&lt;!--&gt; &lt;html class="no-js" lang="en-US"&gt; &lt;!
E   assert 502 == 400
E    +  where 502 = &lt;Response [502]&gt;.status_code</failure></testcase><testcase classname="backend.tests.test_vin_reports_cartrust.TestCarTrustOrderValidation" name="test_zero_mileage_returns_400" time="0.151"><failure message="AssertionError: expected 400, got 502: &lt;!DOCTYPE html&gt;&#10;  &lt;!--[if lt IE 7]&gt; &lt;html class=&quot;no-js ie6 oldie&quot; lang=&quot;en-US&quot;&gt; &lt;![endif]--&gt;&#10;  &lt;!--[if IE 7]&gt;    &lt;html class=&quot;no-js ie7 oldie&quot; lang=&quot;en-US&quot;&gt; &lt;![endif]--&gt;&#10;  &lt;!--[if IE 8]&gt;    &lt;html class=&quot;no-js ie8 oldie&quot; lang=&quot;en-US&quot;&gt; &lt;![endif]--&gt;&#10;  &lt;!--[if gt IE 8]&gt;&lt;!--&gt; &lt;html class=&quot;no-js&quot; lang=&quot;en-US&quot;&gt; &lt;!&#10;assert 502 == 400&#10; +  where 502 = &lt;Response [502]&gt;.status_code">backend/tests/test_vin_reports_cartrust.py:141: in test_zero_mileage_returns_400
    assert r.status_code == 400, f"expected 400, got {r.status_code}: {r.text[:300]}"
E   AssertionError: expected 400, got 502: &lt;!DOCTYPE html&gt;
E     &lt;!--[if lt IE 7]&gt; &lt;html class="no-js ie6 oldie" lang="en-US"&gt; &lt;![endif]--&gt;
E     &lt;!--[if IE 7]&gt;    &lt;html class="no-js ie7 oldie" lang="en-US"&gt; &lt;![endif]--&gt;
E     &lt;!--[if IE 8]&gt;    &lt;html class="no-js ie8 oldie" lang="en-US"&gt; &lt;![endif]--&gt;
E     &lt;!--[if gt IE 8]&gt;&lt;!--&gt; &lt;html class="no-js" lang="en-US"&gt; &lt;!
E   assert 502 == 400
E    +  where 502 = &lt;Response [502]&gt;.status_code</failure></testcase><testcase classname="backend.tests.test_vin_reports_cartrust.TestCarTrustOrderValidation" name="test_valid_cartrust_returns_pending_or_kredo_error" time="7.219" /><testcase classname="backend.tests.test_vin_reports_cartrust.TestVinHistoryRegression" name="test_vin_history_order_no_500" time="9.399" /></testsuite></testsuites>