<?xml version="1.0" encoding="utf-8"?><testsuites name="pytest tests"><testsuite name="pytest" errors="0" failures="0" skipped="0" tests="8" time="11.727" timestamp="2026-08-10T21:56:43.450665+00:00" hostname="agent-env-cf279e99-8c1d-4eda-a524-7dd30d9070a4"><testcase classname="backend.tests.test_public_valuation_state_machine.TestBuckets" name="test_pending_only_status_pending" time="0.532" /><testcase classname="backend.tests.test_public_valuation_state_machine.TestBuckets" name="test_priced_bucket_excludes_delivered" time="0.137" /><testcase classname="backend.tests.test_public_valuation_state_machine.TestBuckets" name="test_delivered_bucket_only_delivered" time="0.269" /><testcase classname="backend.tests.test_public_valuation_state_machine.TestStateMachine" name="test_reprice_after_delivery_resets_state" time="1.433" /><testcase classname="backend.tests.test_public_valuation_state_machine.TestMarketValues" name="test_market_values_requires_admin" time="0.103" /><testcase classname="backend.tests.test_public_valuation_state_machine.TestMarketValues" name="test_market_values_400_when_vehicle_missing_fields" time="0.484" /><testcase classname="backend.tests.test_public_valuation_state_machine.TestMarketValues" name="test_market_values_ok_or_502" time="8.525" /><testcase classname="backend.tests.test_public_valuation_state_machine.TestMarketValues" name="test_market_values_404_for_unknown_id" time="0.175" /></testsuite></testsuites>