<?xml version="1.0" encoding="utf-8"?><testsuites name="pytest tests"><testsuite name="pytest" errors="0" failures="0" skipped="0" tests="14" time="5.958" timestamp="2026-08-17T13:59:33.305552+00:00" hostname="agent-env-cf279e99-8c1d-4eda-a524-7dd30d9070a4"><testcase classname="backend.tests.test_resubmit.TestResubmitAuth" name="test_requires_auth" time="0.378" /><testcase classname="backend.tests.test_resubmit.TestResubmitAuth" name="test_admin_forbidden" time="0.490" /><testcase classname="backend.tests.test_resubmit.TestResubmitAuth" name="test_missing_submission_404" time="1.028" /><testcase classname="backend.tests.test_resubmit.TestResubmitBusinessRules" name="test_reject_when_not_priced" time="0.125" /><testcase classname="backend.tests.test_resubmit.TestResubmitBusinessRules" name="test_reject_when_outside_window" time="0.145" /><testcase classname="backend.tests.test_resubmit.TestResubmitBusinessRules" name="test_reject_when_already_retracted" time="0.147" /><testcase classname="backend.tests.test_resubmit.TestResubmitBusinessRules" name="test_reject_missing_billing_acceptance" time="0.209" /><testcase classname="backend.tests.test_resubmit.TestResubmitHappyPath" name="test_first_resubmit_creates_v2_and_retracts_original" time="0.124" /><testcase classname="backend.tests.test_resubmit.TestResubmitHappyPath" name="test_second_resubmit_creates_v3" time="0.485" /><testcase classname="backend.tests.test_resubmit.TestResubmitHappyPath" name="test_photos_preserved_on_resubmit" time="0.117" /><testcase classname="backend.tests.test_resubmit.TestResubmitListingsFilter" name="test_my_submissions_hides_retracted" time="0.612" /><testcase classname="backend.tests.test_resubmit.TestResubmitListingsFilter" name="test_history_shows_retracted_with_metadata" time="0.532" /><testcase classname="backend.tests.test_resubmit.TestResubmitListingsFilter" name="test_deal_outcomes_excludes_retracted" time="0.465" /><testcase classname="backend.tests.test_resubmit.TestResubmitListingsFilter" name="test_admin_counts_include_retracted_bucket" time="0.952" /></testsuite></testsuites>