<?xml version="1.0" encoding="utf-8"?><testsuites name="pytest tests"><testsuite name="pytest" errors="0" failures="0" skipped="0" tests="8" time="2.523" timestamp="2026-08-27T01:42:03.635181+00:00" hostname="agent-env-cf279e99-8c1d-4eda-a524-7dd30d9070a4"><testcase classname="backend.tests.test_iteration_71_deal_on_pending.TestPatchDealOnPending" name="test_mark_deal_done_true" time="0.904" /><testcase classname="backend.tests.test_iteration_71_deal_on_pending.TestPatchDealOnPending" name="test_mark_deal_done_false" time="0.142" /><testcase classname="backend.tests.test_iteration_71_deal_on_pending.TestPatchDealOnPending" name="test_flip_back_to_pending" time="0.123" /><testcase classname="backend.tests.test_iteration_71_deal_on_pending.TestDealOutcomesIncludePending" name="test_stats_counts_pending_with_outcome" time="0.252" /><testcase classname="backend.tests.test_iteration_71_deal_on_pending.TestDealOutcomesIncludePending" name="test_stats_excludes_unmarked_pending" time="0.361" /><testcase classname="backend.tests.test_iteration_71_deal_on_pending.TestPatchDealAccessControl" name="test_admin_forbidden" time="0.272" /><testcase classname="backend.tests.test_iteration_71_deal_on_pending.TestPatchDealAccessControl" name="test_non_pricing_agent_forbidden" time="0.298" /><testcase classname="backend.tests.test_iteration_71_deal_on_pending.TestUnauthenticated" name="test_no_auth" time="0.106" /></testsuite></testsuites>