<?xml version="1.0" encoding="utf-8"?><testsuites name="pytest tests"><testsuite name="pytest" errors="0" failures="0" skipped="0" tests="10" time="3.805" timestamp="2026-08-13T19:54:18.728065+00:00" hostname="agent-env-cf279e99-8c1d-4eda-a524-7dd30d9070a4"><testcase classname="backend.tests.test_mb_options.TestReportCatalog" name="test_catalog_contains_mb_options" time="0.619" /><testcase classname="backend.tests.test_mb_options.TestMbOptionsOnMercedes" name="test_submission_is_mercedes" time="0.000" /><testcase classname="backend.tests.test_mb_options.TestMbOptionsOnMercedes" name="test_mb_spec_persisted_after_dev_order" time="0.219" /><testcase classname="backend.tests.test_mb_options.TestMbOptionsOnMercedes" name="test_reorder_returns_409" time="0.301" /><testcase classname="backend.tests.test_mb_options.TestMbOptionsOnMercedes" name="test_mb_options_order_row_exists" time="0.146" /><testcase classname="backend.tests.test_mb_options.TestMbOptionsOnMercedes" name="test_mb_options_standalone_pdf" time="0.220" /><testcase classname="backend.tests.test_mb_options.TestMbOptionsOnMercedes" name="test_valuation_pdf_renders" time="1.581" /><testcase classname="backend.tests.test_mb_options.TestMbOptionsMakeGuard" name="test_dealer_cannot_order_mb_options_on_vw" time="0.375" /><testcase classname="backend.tests.test_mb_options.TestBmwOptionsRegression" name="test_dealer_cannot_order_bmw_options_on_vw" time="0.149" /><testcase classname="backend.tests.test_mb_options.TestLandroverOshRegression" name="test_dealer_cannot_order_landrover_osh_on_vw" time="0.116" /></testsuite></testsuites>