<?xml version="1.0" encoding="utf-8"?><testsuites name="pytest tests"><testsuite name="pytest" errors="0" failures="0" skipped="0" tests="5" time="4.350" timestamp="2026-08-27T02:52:23.007717+00:00" hostname="agent-env-cf279e99-8c1d-4eda-a524-7dd30d9070a4"><testcase classname="backend.tests.test_iteration_72_transfer_gate.TestManagerialDealerOfferUnlocksTransfer" name="test_dealer_offer_then_transfer_success" time="1.922" /><testcase classname="backend.tests.test_iteration_72_transfer_gate.TestManagerialWithoutOfferBlocked" name="test_no_offer_no_price_returns_400_with_new_copy" time="0.652" /><testcase classname="backend.tests.test_iteration_72_transfer_gate.TestNonManagerialCannotTransfer" name="test_minitest_transfer_returns_403" time="0.396" /><testcase classname="backend.tests.test_iteration_72_transfer_gate.TestManagerialForeignDealershipBlocked" name="test_dave_cannot_transfer_foreign_sub" time="0.605" /><testcase classname="backend.tests.test_iteration_72_transfer_gate.TestPricedNoOfferStillTransfers" name="test_priced_sub_transfers" time="0.715" /></testsuite></testsuites>