<?xml version="1.0" encoding="utf-8"?><testsuites name="pytest tests"><testsuite name="pytest" errors="0" failures="0" skipped="0" tests="17" time="7.414" timestamp="2026-08-17T15:26:10.676924+00:00" hostname="agent-env-cf279e99-8c1d-4eda-a524-7dd30d9070a4"><testcase classname="backend.tests.test_resubmit.TestResubmitAuth" name="test_requires_auth" time="0.376" /><testcase classname="backend.tests.test_resubmit.TestResubmitAuth" name="test_admin_forbidden" time="0.564" /><testcase classname="backend.tests.test_resubmit.TestResubmitAuth" name="test_missing_submission_404" time="1.021" /><testcase classname="backend.tests.test_resubmit.TestResubmitBusinessRules" name="test_reject_when_not_priced" time="0.152" /><testcase classname="backend.tests.test_resubmit.TestResubmitBusinessRules" name="test_reject_when_outside_window" time="0.190" /><testcase classname="backend.tests.test_resubmit.TestResubmitBusinessRules" name="test_reject_when_already_retracted" time="0.144" /><testcase classname="backend.tests.test_resubmit.TestResubmitBusinessRules" name="test_reject_missing_billing_acceptance" time="0.159" /><testcase classname="backend.tests.test_resubmit.TestResubmitHappyPath" name="test_first_resubmit_creates_v2_and_retracts_original" time="0.152" /><testcase classname="backend.tests.test_resubmit.TestResubmitHappyPath" name="test_second_resubmit_creates_v3" time="0.671" /><testcase classname="backend.tests.test_resubmit.TestResubmitHappyPath" name="test_photos_preserved_on_resubmit" time="0.202" /><testcase classname="backend.tests.test_resubmit.TestResubmitListingsFilter" name="test_my_submissions_hides_retracted" time="0.805" /><testcase classname="backend.tests.test_resubmit.TestResubmitListingsFilter" name="test_history_shows_retracted_with_metadata" time="0.622" /><testcase classname="backend.tests.test_resubmit.TestResubmitListingsFilter" name="test_deal_outcomes_excludes_retracted" time="0.447" /><testcase classname="backend.tests.test_resubmit.TestResubmitListingsFilter" name="test_admin_counts_include_retracted_bucket" time="0.928" /><testcase classname="backend.tests.test_resubmit.TestResubmitStockInteraction" name="test_resubmit_blocked_when_stock_sold" time="0.160" /><testcase classname="backend.tests.test_resubmit.TestResubmitStockInteraction" name="test_resubmit_untransfers_stock_when_not_sold" time="0.130" /><testcase classname="backend.tests.test_resubmit.TestResubmitStockInteraction" name="test_stock_list_excludes_removed_item_after_resubmit" time="0.469" /></testsuite></testsuites>