<?xml version="1.0" encoding="utf-8"?><testsuites name="pytest tests"><testsuite name="pytest" errors="0" failures="0" skipped="3" tests="10" time="2.068" timestamp="2026-08-09T20:38:28.988682+00:00" hostname="agent-env-cf279e99-8c1d-4eda-a524-7dd30d9070a4"><testcase classname="backend.tests.test_iteration_47_give_cover.TestAuth" name="test_admin_login" time="0.221" /><testcase classname="backend.tests.test_iteration_47_give_cover.TestAuth" name="test_dave_login_and_pricing_agent_flag" time="0.462" /><testcase classname="backend.tests.test_iteration_47_give_cover.TestGiveCover" name="test_cover_submissions_dave" time="0.098" /><testcase classname="backend.tests.test_iteration_47_give_cover.TestGiveCover" name="test_cover_forbidden_for_admin" time="0.094" /><testcase classname="backend.tests.test_iteration_47_give_cover.TestForgotReset" name="test_forgot_password_returns_success_shape" time="0.353" /><testcase classname="backend.tests.test_iteration_47_give_cover.TestForgotReset" name="test_forgot_password_unknown_email_still_200" time="0.097" /><testcase classname="backend.tests.test_iteration_47_give_cover.TestForgotReset" name="test_reset_password_invalid_token_400" time="0.110" /><testcase classname="backend.tests.test_iteration_47_give_cover.TestAdminCatalogueToggle" name="test_get_admin_catalogue_makes" time="0.375"><skipped type="pytest.skip" message="No known admin catalogue makes endpoint found; skip toggle test.">/app/backend/tests/test_iteration_47_give_cover.py:107: No known admin catalogue makes endpoint found; skip toggle test.</skipped></testcase><testcase classname="backend.tests.test_iteration_47_give_cover.TestDealTracking" name="test_patch_deal_endpoint_exists" time="0.096"><skipped type="pytest.skip" message="Cannot list submissions for Dave">/app/backend/tests/test_iteration_47_give_cover.py:117: Cannot list submissions for Dave</skipped></testcase><testcase classname="backend.tests.test_iteration_47_give_cover.TestValuationPDF" name="test_valuation_pdf_smoke" time="0.106"><skipped type="pytest.skip" message="no submissions">/app/backend/tests/test_iteration_47_give_cover.py:135: no submissions</skipped></testcase></testsuite></testsuites>