<?xml version="1.0" encoding="utf-8"?><testsuites name="pytest tests"><testsuite name="pytest" errors="0" failures="0" skipped="0" tests="12" time="2.494" timestamp="2026-07-22T21:31:27.697852+00:00" hostname="agent-env-cf279e99-8c1d-4eda-a524-7dd30d9070a4"><testcase classname="backend.tests.test_referral_and_sa_id.TestSAIDValidation" name="test_valid_sa_id_creates_user_with_referral_code" time="0.283" /><testcase classname="backend.tests.test_referral_and_sa_id.TestSAIDValidation" name="test_missing_sa_id_rejected" time="0.047" /><testcase classname="backend.tests.test_referral_and_sa_id.TestSAIDValidation" name="test_short_sa_id_rejected" time="0.049" /><testcase classname="backend.tests.test_referral_and_sa_id.TestSAIDValidation" name="test_invalid_luhn_rejected" time="0.051" /><testcase classname="backend.tests.test_referral_and_sa_id.TestSAIDValidation" name="test_invalid_date_rejected" time="0.053" /><testcase classname="backend.tests.test_referral_and_sa_id.TestReferralLookupAndLazyCode" name="test_minitest_gets_lazy_referral_code" time="0.207" /><testcase classname="backend.tests.test_referral_and_sa_id.TestReferralLookupAndLazyCode" name="test_public_referral_lookup" time="0.249" /><testcase classname="backend.tests.test_referral_and_sa_id.TestReferralLookupAndLazyCode" name="test_public_referral_lookup_unknown_404" time="0.106" /><testcase classname="backend.tests.test_referral_and_sa_id.TestReferredByOnInvite" name="test_invite_with_valid_referred_by_code" time="0.206" /><testcase classname="backend.tests.test_referral_and_sa_id.TestReferredByOnInvite" name="test_invite_with_unknown_referred_by_code_rejected" time="0.050" /><testcase classname="backend.tests.test_referral_and_sa_id.TestReferralRewards" name="test_full_referral_reward_flow" time="0.961" /><testcase classname="backend.tests.test_referral_and_sa_id.TestReferralRewards" name="test_rewards_me_totals_shape" time="0.147" /></testsuite></testsuites>