<?xml version="1.0" encoding="utf-8"?><testsuites name="pytest tests"><testsuite name="pytest" errors="0" failures="0" skipped="0" tests="5" time="10.497" timestamp="2026-07-21T20:19:15.240686+00:00" hostname="agent-env-cf279e99-8c1d-4eda-a524-7dd30d9070a4"><testcase classname="backend.tests.test_iteration_24.TestAdminPrice" name="test_price_persists_and_history_recorded" time="1.234" /><testcase classname="backend.tests.test_iteration_24.TestKredoCartrustOrder" name="test_requires_bearer" time="0.239" /><testcase classname="backend.tests.test_iteration_24.TestKredoCartrustOrder" name="test_bad_submission_returns_404" time="0.107" /><testcase classname="backend.tests.test_iteration_24.TestKredoCartrustOrder" name="test_missing_vin_returns_400" time="0.514" /><testcase classname="backend.tests.test_iteration_24.TestKredoCartrustOrder" name="test_with_vin_hits_kredo_endpoint" time="8.345" /></testsuite></testsuites>