<?xml version="1.0" encoding="utf-8"?><testsuites name="pytest tests"><testsuite name="pytest" errors="0" failures="0" skipped="0" tests="4" time="1.211" timestamp="2026-08-05T19:36:09.757871+00:00" hostname="agent-env-cf279e99-8c1d-4eda-a524-7dd30d9070a4"><testcase classname="backend.tests.test_covers_30d_stat.TestCovers30d" name="test_requires_auth" time="0.161" /><testcase classname="backend.tests.test_covers_30d_stat.TestCovers30d" name="test_dealer_can_fetch" time="0.379" /><testcase classname="backend.tests.test_covers_30d_stat.TestCovers30d" name="test_admin_can_also_fetch" time="0.436" /><testcase classname="backend.tests.test_covers_30d_stat.TestCovers30d" name="test_value_matches_expected_seed" time="0.179" /></testsuite></testsuites>