<?xml version="1.0" encoding="utf-8"?><testsuites name="pytest tests"><testsuite name="pytest" errors="0" failures="0" skipped="0" tests="25" time="4.406" timestamp="2026-08-13T05:14:28.015102+00:00" hostname="agent-env-cf279e99-8c1d-4eda-a524-7dd30d9070a4"><testcase classname="backend.tests.test_stock_module_v2.TestAuth401" name="test_get_stock_401" time="0.249" /><testcase classname="backend.tests.test_stock_module_v2.TestAuth401" name="test_transfer_401" time="0.098" /><testcase classname="backend.tests.test_stock_module_v2.TestAuth401" name="test_untransfer_401" time="0.102" /><testcase classname="backend.tests.test_stock_module_v2.TestAuth401" name="test_patch_stock_401" time="0.093" /><testcase classname="backend.tests.test_stock_module_v2.TestAuth401" name="test_mark_sold_401" time="0.104" /><testcase classname="backend.tests.test_stock_module_v2.TestAuth401" name="test_export_csv_401" time="0.092" /><testcase classname="backend.tests.test_stock_module_v2.TestTransferToStock" name="test_transfer_success_admin" time="0.563" /><testcase classname="backend.tests.test_stock_module_v2.TestTransferToStock" name="test_transfer_rejects_already_transferred" time="0.094" /><testcase classname="backend.tests.test_stock_module_v2.TestTransferToStock" name="test_transfer_rejects_duplicate_stock_number" time="0.296" /><testcase classname="backend.tests.test_stock_module_v2.TestTransferToStock" name="test_transfer_rejects_unpriced" time="0.275" /><testcase classname="backend.tests.test_stock_module_v2.TestTransferToStock" name="test_transfer_rejects_non_managerial" time="0.437" /><testcase classname="backend.tests.test_stock_module_v2.TestPatchStock" name="test_patch_target_price_only" time="0.096" /><testcase classname="backend.tests.test_stock_module_v2.TestPatchStock" name="test_patch_multi_field" time="0.099" /><testcase classname="backend.tests.test_stock_module_v2.TestPatchStock" name="test_patch_duplicate_stock_number_409" time="0.390" /><testcase classname="backend.tests.test_stock_module_v2.TestPatchStock" name="test_patch_blank_stock_number_400" time="0.092" /><testcase classname="backend.tests.test_stock_module_v2.TestPatchStock" name="test_patch_non_managerial_403" time="0.089" /><testcase classname="backend.tests.test_stock_module_v2.TestListShape" name="test_admin_list_shape" time="0.090" /><testcase classname="backend.tests.test_stock_module_v2.TestUntransfer" name="test_untransfer_not_transferred_400" time="0.092" /><testcase classname="backend.tests.test_stock_module_v2.TestUntransfer" name="test_untransfer_success" time="0.289" /><testcase classname="backend.tests.test_stock_module_v2.TestMarkSold" name="test_mark_sold_success_and_disappears" time="0.180" /><testcase classname="backend.tests.test_stock_module_v2.TestMarkSold" name="test_patch_sold_item_400" time="0.094" /><testcase classname="backend.tests.test_stock_module_v2.TestMarkSold" name="test_untransfer_sold_400" time="0.096" /><testcase classname="backend.tests.test_stock_module_v2.TestCsvExport" name="test_admin_csv_headers_exact" time="0.122" /><testcase classname="backend.tests.test_stock_module_v2.TestCsvExport" name="test_dealer_csv_headers_exact" time="0.093" /><testcase classname="backend.tests.test_stock_module_v2.TestRemovedTargetPriceEndpoint" name="test_old_target_price_endpoint_gone" time="0.095" /></testsuite></testsuites>