<?xml version="1.0" encoding="utf-8"?><testsuites name="pytest tests"><testsuite name="pytest" errors="0" failures="0" skipped="0" tests="10" time="16.701" timestamp="2026-08-17T23:37:26.938346+00:00" hostname="agent-env-cf279e99-8c1d-4eda-a524-7dd30d9070a4"><testcase classname="backend.tests.test_iteration_66_pay_in_arrears.TestBillingTermsEndpoint" name="test_toggle_on" time="0.592" /><testcase classname="backend.tests.test_iteration_66_pay_in_arrears.TestBillingTermsEndpoint" name="test_toggle_off" time="0.739" /><testcase classname="backend.tests.test_iteration_66_pay_in_arrears.TestBillingTermsEndpoint" name="test_non_admin_forbidden" time="0.508" /><testcase classname="backend.tests.test_iteration_66_pay_in_arrears.TestBillingTermsEndpoint" name="test_unknown_dealership_404" time="0.454" /><testcase classname="backend.tests.test_iteration_66_pay_in_arrears.TestArrearsOnBypasses402" name="test_submission_bypasses_402" time="0.599" /><testcase classname="backend.tests.test_iteration_66_pay_in_arrears.TestArrearsOnBypasses402" name="test_vin_report_bypasses_402" time="11.392" /><testcase classname="backend.tests.test_iteration_66_pay_in_arrears.TestArrearsOffStill402" name="test_submission_returns_402" time="0.659" /><testcase classname="backend.tests.test_iteration_66_pay_in_arrears.TestResponseShapes" name="test_billing_summary_reflects_flag" time="0.667" /><testcase classname="backend.tests.test_iteration_66_pay_in_arrears.TestResponseShapes" name="test_admin_overview_row_contains_flag" time="0.344" /><testcase classname="backend.tests.test_iteration_66_pay_in_arrears.TestResponseShapes" name="test_dealer_my_summary_reflects_flag" time="0.683" /></testsuite></testsuites>