<?xml version="1.0" encoding="utf-8"?><testsuites name="pytest tests"><testsuite name="pytest" errors="0" failures="0" skipped="0" tests="22" time="6.177" timestamp="2026-08-10T19:36:59.582249+00:00" hostname="agent-env-cf279e99-8c1d-4eda-a524-7dd30d9070a4"><testcase classname="tests.test_public_valuation.TestPublicValuationHappyPath" name="test_01_create_first_submission_ref_000001" time="1.055" /><testcase classname="tests.test_public_valuation.TestPublicValuationHappyPath" name="test_02_create_second_submission_ref_000002" time="0.178" /><testcase classname="tests.test_public_valuation.TestPublicValuationHappyPath" name="test_03_create_third_submission_ref_000003" time="0.132" /><testcase classname="tests.test_public_valuation.TestValidation" name="test_missing_consent_400" time="0.106" /><testcase classname="tests.test_public_valuation.TestValidation" name="test_missing_photo_slot_400[front]" time="0.125" /><testcase classname="tests.test_public_valuation.TestValidation" name="test_missing_photo_slot_400[rear]" time="0.101" /><testcase classname="tests.test_public_valuation.TestValidation" name="test_missing_photo_slot_400[left]" time="0.138" /><testcase classname="tests.test_public_valuation.TestValidation" name="test_missing_photo_slot_400[right]" time="0.145" /><testcase classname="tests.test_public_valuation.TestValidation" name="test_missing_photo_slot_400[interior]" time="0.127" /><testcase classname="tests.test_public_valuation.TestValidation" name="test_missing_photo_slot_400[dash]" time="0.140" /><testcase classname="tests.test_public_valuation.TestTurnstile" name="test_missing_token_400" time="0.140" /><testcase classname="tests.test_public_valuation.TestTurnstile" name="test_wrong_token_rejected" time="0.377" /><testcase classname="tests.test_public_valuation.TestRateLimit" name="test_fourth_from_same_ip_429" time="0.535" /><testcase classname="tests.test_public_valuation.TestAdminEndpoints" name="test_admin_list_pending_requires_auth" time="0.119" /><testcase classname="tests.test_public_valuation.TestAdminEndpoints" name="test_admin_list_pending" time="0.448" /><testcase classname="tests.test_public_valuation.TestAdminEndpoints" name="test_admin_get_by_reference" time="0.138" /><testcase classname="tests.test_public_valuation.TestAdminEndpoints" name="test_admin_get_by_id" time="0.260" /><testcase classname="tests.test_public_valuation.TestAdminEndpoints" name="test_admin_get_not_found" time="0.142" /><testcase classname="tests.test_public_valuation.TestPriceDeliverAndPdf" name="test_full_flow" time="1.100" /><testcase classname="tests.test_public_valuation.TestPriceDeliverAndPdf" name="test_pdf_pending_ref_400" time="0.137" /><testcase classname="tests.test_public_valuation.TestPriceDeliverAndPdf" name="test_deliver_before_price_400" time="0.121" /><testcase classname="tests.test_public_valuation.TestReferenceMonotonic" name="test_references_are_monotonic" time="0.354" /></testsuite></testsuites>