<?xml version="1.0" encoding="utf-8"?><testsuites name="pytest tests"><testsuite name="pytest" errors="0" failures="0" skipped="0" tests="7" time="7.360" timestamp="2026-08-13T21:07:14.163312+00:00" hostname="agent-env-cf279e99-8c1d-4eda-a524-7dd30d9070a4"><testcase classname="backend.tests.test_outvin_spec" name="test_vw_outvin_spec_persisted" time="0.450" /><testcase classname="backend.tests.test_outvin_spec" name="test_vw_report_order_row" time="0.170" /><testcase classname="backend.tests.test_outvin_spec" name="test_bmw_order_outvin_spec_and_coexist" time="3.313" /><testcase classname="backend.tests.test_outvin_spec" name="test_mb_order_outvin_spec_and_coexist" time="3.078" /><testcase classname="backend.tests.test_outvin_spec" name="test_non_supported_make_blocked" time="0.122" /><testcase classname="backend.tests.test_outvin_spec" name="test_duplicate_order_conflict" time="0.160" /><testcase classname="backend.tests.test_outvin_spec" name="test_quota_logging" time="0.004" /></testsuite></testsuites>