<?xml version="1.0" encoding="utf-8"?><testsuites name="pytest tests"><testsuite name="pytest" errors="0" failures="0" skipped="0" tests="7" time="1.168" timestamp="2026-08-10T11:59:18.501446+00:00" hostname="agent-env-cf279e99-8c1d-4eda-a524-7dd30d9070a4"><testcase classname="backend.tests.test_deal_outcomes_list.TestDealOutcomesListSchema" name="test_dealer_call" time="0.543" /><testcase classname="backend.tests.test_deal_outcomes_list.TestDealOutcomesListSchema" name="test_admin_call" time="0.202" /><testcase classname="backend.tests.test_deal_outcomes_list.TestDealOutcomesListSchema" name="test_percent_math" time="0.045" /><testcase classname="backend.tests.test_deal_outcomes_list.TestDealOutcomesListSchema" name="test_counts_match_list_lengths" time="0.045" /><testcase classname="backend.tests.test_deal_outcomes_list.TestDealOutcomesListSchema" name="test_row_shape" time="0.045" /><testcase classname="backend.tests.test_deal_outcomes_list.TestDealOutcomesListSchema" name="test_admin_totals_ge_dealer" time="0.089" /><testcase classname="backend.tests.test_deal_outcomes_list.TestDealOutcomesListAuth" name="test_requires_auth" time="0.142" /></testsuite></testsuites>