<?xml version="1.0" encoding="utf-8"?><testsuites name="pytest tests"><testsuite name="pytest" errors="0" failures="0" skipped="1" tests="11" time="2.741" timestamp="2026-08-13T04:04:41.797487+00:00" hostname="agent-env-cf279e99-8c1d-4eda-a524-7dd30d9070a4"><testcase classname="backend.tests.test_stock_module.TestStockList" name="test_unauth_returns_401" time="0.235" /><testcase classname="backend.tests.test_stock_module.TestStockList" name="test_admin_shape" time="0.292" /><testcase classname="backend.tests.test_stock_module.TestStockList" name="test_admin_items_are_deal_done_not_sold" time="0.142" /><testcase classname="backend.tests.test_stock_module.TestStockList" name="test_dealer_scoped" time="0.253" /><testcase classname="backend.tests.test_stock_module.TestTargetPrice" name="test_admin_can_set_and_clear" time="0.518" /><testcase classname="backend.tests.test_stock_module.TestTargetPrice" name="test_400_on_non_stock_item" time="0.194"><skipped type="pytest.skip" message="no non-deal-done submissions found to test 400 path">/app/backend/tests/test_stock_module.py:202: no non-deal-done submissions found to test 400 path</skipped></testcase><testcase classname="backend.tests.test_stock_module.TestTargetPrice" name="test_404_on_bad_id" time="0.098" /><testcase classname="backend.tests.test_stock_module.TestMarkSold" name="test_non_managerial_403" time="0.198" /><testcase classname="backend.tests.test_stock_module.TestMarkSold" name="test_admin_can_mark_sold_and_disappears" time="0.490" /><testcase classname="backend.tests.test_stock_module.TestStockCsv" name="test_admin_csv_headers" time="0.095" /><testcase classname="backend.tests.test_stock_module.TestStockCsv" name="test_dealer_csv_no_dealership_col" time="0.128" /></testsuite></testsuites>