<?xml version="1.0" encoding="utf-8"?><testsuites name="pytest tests"><testsuite name="pytest" errors="0" failures="0" skipped="0" tests="12" time="2.701" timestamp="2026-07-22T21:47:51.823831+00:00" hostname="agent-env-cf279e99-8c1d-4eda-a524-7dd30d9070a4"><testcase classname="tests.test_referral_and_sa_id.TestSAIDValidation" name="test_valid_sa_id_creates_user_with_referral_code" time="0.325" /><testcase classname="tests.test_referral_and_sa_id.TestSAIDValidation" name="test_missing_sa_id_rejected" time="0.054" /><testcase classname="tests.test_referral_and_sa_id.TestSAIDValidation" name="test_short_sa_id_rejected" time="0.051" /><testcase classname="tests.test_referral_and_sa_id.TestSAIDValidation" name="test_invalid_luhn_rejected" time="0.098" /><testcase classname="tests.test_referral_and_sa_id.TestSAIDValidation" name="test_invalid_date_rejected" time="0.063" /><testcase classname="tests.test_referral_and_sa_id.TestReferralLookupAndLazyCode" name="test_minitest_gets_lazy_referral_code" time="0.209" /><testcase classname="tests.test_referral_and_sa_id.TestReferralLookupAndLazyCode" name="test_public_referral_lookup" time="0.278" /><testcase classname="tests.test_referral_and_sa_id.TestReferralLookupAndLazyCode" name="test_public_referral_lookup_unknown_404" time="0.104" /><testcase classname="tests.test_referral_and_sa_id.TestReferredByOnInvite" name="test_invite_with_valid_referred_by_code" time="0.211" /><testcase classname="tests.test_referral_and_sa_id.TestReferredByOnInvite" name="test_invite_with_unknown_referred_by_code_rejected" time="0.049" /><testcase classname="tests.test_referral_and_sa_id.TestReferralRewards" name="test_full_referral_reward_flow" time="1.047" /><testcase classname="tests.test_referral_and_sa_id.TestReferralRewards" name="test_rewards_me_totals_shape" time="0.155" /></testsuite></testsuites>