<?xml version="1.0" encoding="utf-8"?><testsuites name="pytest tests"><testsuite name="pytest" errors="0" failures="0" skipped="0" tests="18" time="5.611" timestamp="2026-08-17T21:04:57.664341+00:00" hostname="agent-env-cf279e99-8c1d-4eda-a524-7dd30d9070a4"><testcase classname="backend.tests.test_iteration_61_billing.TestCompanySettings" name="test_get_company_settings_default" time="0.390" /><testcase classname="backend.tests.test_iteration_61_billing.TestCompanySettings" name="test_put_company_settings_persists" time="0.288" /><testcase classname="backend.tests.test_iteration_61_billing.TestDealershipAccountsContact" name="test_create_dealership_has_nested_contact" time="0.371" /><testcase classname="backend.tests.test_iteration_61_billing.TestDealershipAccountsContact" name="test_patch_dealership_folds_contact_fields" time="0.155" /><testcase classname="backend.tests.test_iteration_61_billing.TestSuspensionGuard" name="test_submission_402_when_wallet_zero" time="0.505" /><testcase classname="backend.tests.test_iteration_61_billing.TestSuspensionGuard" name="test_vin_report_order_402_when_wallet_zero" time="0.120" /><testcase classname="backend.tests.test_iteration_61_billing.TestDepositRequest" name="test_create_deposit_request" time="0.828" /><testcase classname="backend.tests.test_iteration_61_billing.TestDepositRequest" name="test_reference_sequence_is_monotonic" time="0.908" /><testcase classname="backend.tests.test_iteration_61_billing.TestDepositPayment" name="test_record_deposit_payment_updates_wallet" time="0.371" /><testcase classname="backend.tests.test_iteration_61_billing.TestDepositPayment" name="test_suspension_lifts_after_deposit" time="0.199" /><testcase classname="backend.tests.test_iteration_61_billing.TestDepositRefund" name="test_refund_debits_wallet" time="0.316" /><testcase classname="backend.tests.test_iteration_61_billing.TestInvoiceGeneration" name="test_generate_invoice_409_when_no_activity" time="0.148" /><testcase classname="backend.tests.test_iteration_61_billing.TestInvoiceGeneration" name="test_generate_invoice_with_seeded_activity" time="0.173" /><testcase classname="backend.tests.test_iteration_61_billing.TestInvoiceGeneration" name="test_invoice_bad_month_400" time="0.153" /><testcase classname="backend.tests.test_iteration_61_billing.TestOverviewAndSelfSummary" name="test_admin_billing_overview" time="0.129" /><testcase classname="backend.tests.test_iteration_61_billing.TestOverviewAndSelfSummary" name="test_billing_summary_returns_all_arrays" time="0.154" /><testcase classname="backend.tests.test_iteration_61_billing.TestOverviewAndSelfSummary" name="test_dealer_my_summary" time="0.144" /><testcase classname="backend.tests.test_iteration_61_billing.TestStatementPdf" name="test_statement_returns_pdf" time="0.173" /></testsuite></testsuites>