<?xml version="1.0" encoding="utf-8"?><testsuites name="pytest tests"><testsuite name="pytest" errors="0" failures="0" skipped="0" tests="9" time="4.702" timestamp="2026-07-23T22:04:46.672947+00:00" hostname="agent-env-cf279e99-8c1d-4eda-a524-7dd30d9070a4"><testcase classname="backend.tests.test_license_disk_decode.TestAuthGuard" name="test_unauth_returns_401_or_403" time="0.144" /><testcase classname="backend.tests.test_license_disk_decode.TestAuthGuard" name="test_authed_login_works" time="0.278" /><testcase classname="backend.tests.test_license_disk_decode.TestRequestValidation" name="test_empty_body_returns_400" time="0.141" /><testcase classname="backend.tests.test_license_disk_decode.TestRequestValidation" name="test_invalid_base64_returns_400" time="0.123" /><testcase classname="backend.tests.test_license_disk_decode.TestBarcodeRawDecode" name="test_raw_string_returns_200_and_barcode_source" time="0.095" /><testcase classname="backend.tests.test_license_disk_decode.TestBarcodeRawDecode" name="test_raw_string_parses_all_fields" time="0.113" /><testcase classname="backend.tests.test_license_disk_decode.TestOcrFallback" name="test_blank_photo_no_500" time="1.430" /><testcase classname="backend.tests.test_license_disk_decode.TestOcrFallback" name="test_photo_with_readable_pdf417_barcode" time="0.122" /><testcase classname="backend.tests.test_license_disk_decode.TestOcrFallback" name="test_blank_photo_with_data_uri_prefix" time="2.204" /></testsuite></testsuites>