<?xml version="1.0" encoding="utf-8"?><testsuites name="pytest tests"><testsuite name="pytest" errors="0" failures="0" skipped="0" tests="3" time="13.186" timestamp="2026-07-23T22:04:28.924501+00:00" hostname="agent-env-cf279e99-8c1d-4eda-a524-7dd30d9070a4"><testcase classname="backend.tests.test_unseen_pdf" name="test_unseen_submission_created" time="6.038" /><testcase classname="backend.tests.test_unseen_pdf" name="test_unseen_pdf_hides_condition_sections" time="1.285" /><testcase classname="backend.tests.test_unseen_pdf" name="test_seen_pdf_contains_condition_sections" time="5.763" /></testsuite></testsuites>