<?xml version="1.0" encoding="utf-8"?><testsuites name="pytest tests"><testsuite name="pytest" errors="0" failures="0" skipped="1" tests="25" time="15.217" timestamp="2026-08-10T08:26:30.281796+00:00" hostname="agent-env-cf279e99-8c1d-4eda-a524-7dd30d9070a4"><testcase classname="backend.tests.test_iteration_48_refactor_regression.TestAuth" name="test_dealer_login_success" time="0.407" /><testcase classname="backend.tests.test_iteration_48_refactor_regression.TestAuth" name="test_admin_login_success" time="0.101" /><testcase classname="backend.tests.test_iteration_48_refactor_regression.TestAuth" name="test_wrong_password_returns_401" time="0.266" /><testcase classname="backend.tests.test_iteration_48_refactor_regression.TestAuth" name="test_auth_me_dealer_returns_full_payload" time="0.312" /><testcase classname="backend.tests.test_iteration_48_refactor_regression.TestAuth" name="test_forgot_password_known_email_returns_200" time="0.347" /><testcase classname="backend.tests.test_iteration_48_refactor_regression.TestAuth" name="test_forgot_password_unknown_email_returns_200_generic" time="0.046" /><testcase classname="backend.tests.test_iteration_48_refactor_regression.TestAuth" name="test_reset_password_invalid_token_returns_400" time="0.043" /><testcase classname="backend.tests.test_iteration_48_refactor_regression.TestReferral" name="test_referral_lookup_known_code" time="0.087" /><testcase classname="backend.tests.test_iteration_48_refactor_regression.TestReferral" name="test_referral_lookup_unknown_code" time="0.043" /><testcase classname="backend.tests.test_iteration_48_refactor_regression.TestAds" name="test_admin_ads_returns_10_slots" time="0.203" /><testcase classname="backend.tests.test_iteration_48_refactor_regression.TestAds" name="test_ads_active_public" time="0.082" /><testcase classname="backend.tests.test_iteration_48_refactor_regression.TestRewards" name="test_dealer_rewards_me" time="0.046" /><testcase classname="backend.tests.test_iteration_48_refactor_regression.TestRewards" name="test_admin_rewards_users" time="0.049" /><testcase classname="backend.tests.test_iteration_48_refactor_regression.TestRewards" name="test_admin_reward_redemptions" time="0.043" /><testcase classname="backend.tests.test_iteration_48_refactor_regression.TestRewards" name="test_admin_rewards_leaderboard" time="0.044" /><testcase classname="backend.tests.test_iteration_48_refactor_regression.TestKredo" name="test_kredo_makes_authed" time="7.980" /><testcase classname="backend.tests.test_iteration_48_refactor_regression.TestKredo" name="test_kredo_makes_unauthed" time="0.040" /><testcase classname="backend.tests.test_iteration_48_refactor_regression.TestKredo" name="test_kredo_value_returns_response" time="4.597" /><testcase classname="backend.tests.test_iteration_48_refactor_regression.TestKredo" name="test_kredo_cartrust_status_unknown_id_404" time="0.046" /><testcase classname="backend.tests.test_iteration_48_refactor_regression.TestKredo" name="test_kredo_cartrust_status_fb000083" time="0.094"><skipped type="pytest.skip" message="FB-000083 not present in preview DB">/app/backend/tests/test_iteration_48_refactor_regression.py:219: FB-000083 not present in preview DB</skipped></testcase><testcase classname="backend.tests.test_iteration_48_refactor_regression.TestCover" name="test_cover_submissions_pricing_agent" time="0.045" /><testcase classname="backend.tests.test_iteration_48_refactor_regression.TestCover" name="test_cover_declined_submissions" time="0.044" /><testcase classname="backend.tests.test_iteration_48_refactor_regression.TestCover" name="test_cover_submissions_forbidden_for_admin" time="0.041" /><testcase classname="backend.tests.test_iteration_48_refactor_regression.TestCover" name="test_cover_submissions_unauthed" time="0.041" /><testcase classname="backend.tests.test_iteration_48_refactor_regression.TestSubmissions" name="test_admin_submissions_list" time="0.087" /></testsuite></testsuites>