<?xml version="1.0" encoding="utf-8"?><testsuites name="pytest tests"><testsuite name="pytest" errors="0" failures="0" skipped="0" tests="6" time="5.616" timestamp="2026-08-17T22:18:46.506148+00:00" hostname="agent-env-cf279e99-8c1d-4eda-a524-7dd30d9070a4"><testcase classname="backend.tests.test_phase3_delete_account.TestAdminSelfDeleteBlocked" name="test_admin_cannot_self_delete" time="0.430" /><testcase classname="backend.tests.test_phase3_delete_account.TestSelfProfileRegressions" name="test_patch_me_still_403" time="0.381" /><testcase classname="backend.tests.test_phase3_delete_account.TestSelfProfileRegressions" name="test_get_me_still_200_for_non_deleted" time="0.772" /><testcase classname="backend.tests.test_phase3_delete_account.TestWrongPassword" name="test_wrong_password_returns_401" time="1.171" /><testcase classname="backend.tests.test_phase3_delete_account.TestLastUserGuard" name="test_solo_user_blocked_with_409" time="0.896" /><testcase classname="backend.tests.test_phase3_delete_account.TestTwoUserSequentialDelete" name="test_first_deletes_then_second_blocked" time="1.915" /></testsuite></testsuites>