<?xml version="1.0" encoding="utf-8"?><testsuites name="pytest tests"><testsuite name="pytest" errors="0" failures="0" skipped="1" tests="24" time="3.170" timestamp="2026-08-08T19:52:45.823919+00:00" hostname="agent-env-cf279e99-8c1d-4eda-a524-7dd30d9070a4"><testcase classname="backend.tests.test_iteration_46_regression.TestAuth" name="test_admin_login" time="0.246" /><testcase classname="backend.tests.test_iteration_46_regression.TestAuth" name="test_dealer_login" time="0.155" /><testcase classname="backend.tests.test_iteration_46_regression.TestAuth" name="test_pricing_agent_login" time="0.151" /><testcase classname="backend.tests.test_iteration_46_regression.TestAuth" name="test_bad_login_returns_401" time="0.179" /><testcase classname="backend.tests.test_iteration_46_regression.TestSubmissions" name="test_dealer_my_submissions" time="0.095" /><testcase classname="backend.tests.test_iteration_46_regression.TestSubmissions" name="test_admin_list_submissions" time="0.172" /><testcase classname="backend.tests.test_iteration_46_regression.TestSubmissions" name="test_get_submission_by_id" time="0.262" /><testcase classname="backend.tests.test_iteration_46_regression.TestAdminPriceUpdate" name="test_blank_comment_rejected_on_update" time="0.117" /><testcase classname="backend.tests.test_iteration_46_regression.TestAdminPriceUpdate" name="test_short_comment_rejected_on_update" time="0.102" /><testcase classname="backend.tests.test_iteration_46_regression.TestAdminPriceUpdate" name="test_price_history_persisted_on_existing_sub" time="0.000" /><testcase classname="backend.tests.test_iteration_46_regression.TestDealTracking" name="test_deal_endpoint_smoke_non_owner" time="0.115" /><testcase classname="backend.tests.test_iteration_46_regression.TestProfitPDF" name="test_profit_analysis_pdf" time="0.265"><skipped type="pytest.xfail" message="No submission in preview DB has deal figures set — endpoint responds with expected 400." /></testcase><testcase classname="backend.tests.test_iteration_46_regression.TestDealOutcomes" name="test_deal_outcomes_by_dealer" time="0.097" /><testcase classname="backend.tests.test_iteration_46_regression.TestGiveCover" name="test_cover_queue_visible_to_pricing_agent" time="0.099" /><testcase classname="backend.tests.test_iteration_46_regression.TestGiveCover" name="test_cover_queue_forbidden_for_regular_dealer" time="0.103" /><testcase classname="backend.tests.test_iteration_46_regression.TestGiveCover" name="test_cover_queue_forbidden_for_admin" time="0.091" /><testcase classname="backend.tests.test_iteration_46_regression.TestBillingAndStats" name="test_admin_billing_shape" time="0.105" /><testcase classname="backend.tests.test_iteration_46_regression.TestBillingAndStats" name="test_admin_home_mtd_stats" time="0.102" /><testcase classname="backend.tests.test_iteration_46_regression.TestRewards" name="test_list_reward_redemptions_has_user_phone" time="0.100" /><testcase classname="backend.tests.test_iteration_46_regression.TestRewards" name="test_fulfill_bogus_id_returns_404" time="0.098" /><testcase classname="backend.tests.test_iteration_46_regression.TestRewards" name="test_reject_bogus_id_returns_404" time="0.097" /><testcase classname="backend.tests.test_iteration_46_regression.TestRewards" name="test_rewards_leaderboard" time="0.107" /><testcase classname="backend.tests.test_iteration_46_regression.TestKredoCarTrust" name="test_cartrust_order_responds" time="0.100" /><testcase classname="backend.tests.test_iteration_46_regression.TestLandRoverOSH" name="test_landrover_osh_smoke" time="0.100" /></testsuite></testsuites>