<?xml version="1.0" encoding="utf-8"?><testsuites name="pytest tests"><testsuite name="pytest" errors="0" failures="0" skipped="0" tests="10" time="1.130" timestamp="2026-08-10T12:38:49.196279+00:00" hostname="agent-env-cf279e99-8c1d-4eda-a524-7dd30d9070a4"><testcase classname="tests.test_auto_expire_deal_outcomes.TestConstants" name="test_archive_after_days_is_30" time="0.003" /><testcase classname="tests.test_auto_expire_deal_outcomes.TestSweepOnListEndpoint" name="test_list_triggers_sweep_and_marks_auto_expired" time="0.381" /><testcase classname="tests.test_auto_expire_deal_outcomes.TestSweepOnListEndpoint" name="test_row_has_auto_expired_flag_in_list" time="0.058" /><testcase classname="tests.test_auto_expire_deal_outcomes.TestSweepOnListEndpoint" name="test_sweep_is_idempotent" time="0.066" /><testcase classname="tests.test_auto_expire_deal_outcomes.TestSweepOnStatsEndpoint" name="test_stats_endpoint_also_sweeps" time="0.064" /><testcase classname="tests.test_auto_expire_deal_outcomes.TestSweepAdminScope" name="test_admin_by_dealer_endpoint_sweeps_global" time="0.211" /><testcase classname="tests.test_auto_expire_deal_outcomes.TestSweepScope" name="test_pending_and_declined_untouched" time="0.063" /><testcase classname="tests.test_auto_expire_deal_outcomes.TestManualOverrideClearsFlag" name="test_dealer_override_clears_auto_expired" time="0.116" /><testcase classname="tests.test_auto_expire_deal_outcomes.TestListRegression" name="test_schema_and_percent_sum" time="0.052" /><testcase classname="tests.test_auto_expire_deal_outcomes.TestListRegression" name="test_no_mongo_id_leaks" time="0.060" /></testsuite></testsuites>