<?xml version="1.0" encoding="utf-8"?><testsuites name="pytest tests"><testsuite name="pytest" errors="0" failures="0" skipped="0" tests="8" time="6.776" timestamp="2026-08-23T19:16:59.644121+00:00" hostname="agent-env-cf279e99-8c1d-4eda-a524-7dd30d9070a4"><testcase classname="backend.tests.test_iteration_67_billing_and_pdf.TestSubmissionStampsR50Debit" name="test_wallet_usage_increases_by_r50_on_create" time="1.178" /><testcase classname="backend.tests.test_iteration_67_billing_and_pdf.TestSubmissionStampsR50Debit" name="test_no_sla_waiver_even_when_priced_far_after_24h" time="0.616" /><testcase classname="backend.tests.test_iteration_67_billing_and_pdf.TestValuationPdfGateRemoved" name="test_non_priced_submission_pdf_returns_200_and_has_pending_banner" time="0.716" /><testcase classname="backend.tests.test_iteration_67_billing_and_pdf.TestValuationPdfGateRemoved" name="test_priced_submission_pdf_still_renders_offer" time="2.684" /><testcase classname="backend.tests.test_iteration_67_billing_and_pdf.TestResubmitBillingAndRetractedExclusion" name="test_resubmit_stamps_r50_on_new_version" time="0.573" /><testcase classname="backend.tests.test_iteration_67_billing_and_pdf.TestResubmitBillingAndRetractedExclusion" name="test_retracted_submission_reduces_wallet_usage" time="0.511" /><testcase classname="backend.tests.test_iteration_67_billing_and_pdf.TestBillingResponseShape" name="test_billing_summary_wallet_keys" time="0.132" /><testcase classname="backend.tests.test_iteration_67_billing_and_pdf.TestBillingResponseShape" name="test_admin_billing_overview_reachable" time="0.130" /></testsuite></testsuites>