<?xml version="1.0" encoding="utf-8"?><testsuites name="pytest tests"><testsuite name="pytest" errors="0" failures="0" skipped="0" tests="9" time="4.584" timestamp="2026-07-23T21:43:49.862036+00:00" hostname="agent-env-cf279e99-8c1d-4eda-a524-7dd30d9070a4"><testcase classname="backend.tests.test_license_disk_decode.TestAuthGuard" name="test_unauth_returns_401_or_403" time="0.282" /><testcase classname="backend.tests.test_license_disk_decode.TestAuthGuard" name="test_authed_login_works" time="0.368" /><testcase classname="backend.tests.test_license_disk_decode.TestRequestValidation" name="test_empty_body_returns_400" time="0.101" /><testcase classname="backend.tests.test_license_disk_decode.TestRequestValidation" name="test_invalid_base64_returns_400" time="0.156" /><testcase classname="backend.tests.test_license_disk_decode.TestBarcodeRawDecode" name="test_raw_string_returns_200_and_barcode_source" time="0.103" /><testcase classname="backend.tests.test_license_disk_decode.TestBarcodeRawDecode" name="test_raw_string_parses_all_fields" time="0.150" /><testcase classname="backend.tests.test_license_disk_decode.TestOcrFallback" name="test_blank_photo_no_500" time="1.576" /><testcase classname="backend.tests.test_license_disk_decode.TestOcrFallback" name="test_photo_with_readable_pdf417_barcode" time="0.132" /><testcase classname="backend.tests.test_license_disk_decode.TestOcrFallback" name="test_blank_photo_with_data_uri_prefix" time="1.665" /></testsuite></testsuites>