<?xml version="1.0" encoding="utf-8"?><testsuites name="pytest tests"><testsuite name="pytest" errors="0" failures="0" skipped="0" tests="12" time="4.570" timestamp="2026-07-22T21:47:42.909573+00:00" hostname="agent-env-cf279e99-8c1d-4eda-a524-7dd30d9070a4"><testcase classname="tests.test_rewards.TestRewardsMeShape" name="test_shape_zero_balance" time="0.523" /><testcase classname="tests.test_rewards.TestRewardsMeShape" name="test_admin_cannot_access_rewards_me" time="0.051" /><testcase classname="tests.test_rewards.TestAwardIdempotency" name="test_award_on_price_within_sla_then_idempotent" time="0.725" /><testcase classname="tests.test_rewards.TestSlaAwardGuard" name="test_no_award_when_outside_sla" time="0.605" /><testcase classname="tests.test_rewards.TestRedeem" name="test_redeem_insufficient_400" time="0.260" /><testcase classname="tests.test_rewards.TestRedeem" name="test_redeem_success_deducts_points_and_creates_pending" time="0.391" /><testcase classname="tests.test_rewards.TestRedeem" name="test_redeem_defaults_email_to_login_email" time="0.294" /><testcase classname="tests.test_rewards.TestAdminInboxAndActions" name="test_admin_list_all_and_filter_pending" time="0.438" /><testcase classname="tests.test_rewards.TestAdminInboxAndActions" name="test_fulfill_marks_and_no_balance_change_plus_double_fulfill_blocked" time="0.532" /><testcase classname="tests.test_rewards.TestAdminInboxAndActions" name="test_reject_refunds_points" time="0.496" /><testcase classname="tests.test_rewards.TestRbac" name="test_dealer_cannot_list_admin_redemptions" time="0.051" /><testcase classname="tests.test_rewards.TestRbac" name="test_no_token_rewards_me_401" time="0.047" /></testsuite></testsuites>