<?xml version="1.0" encoding="utf-8"?><testsuites name="pytest tests"><testsuite name="pytest" errors="0" failures="0" skipped="0" tests="5" time="2.413" timestamp="2026-07-22T06:01:41.576063+00:00" hostname="agent-env-cf279e99-8c1d-4eda-a524-7dd30d9070a4"><testcase classname="backend.tests.test_valuation_pdf_kredo" name="test_admin_pdf_has_kredo_section" time="0.564" /><testcase classname="backend.tests.test_valuation_pdf_kredo" name="test_admin_pdf_contains_mm_code_and_footer" time="0.115" /><testcase classname="backend.tests.test_valuation_pdf_kredo" name="test_pdf_requires_auth" time="0.094" /><testcase classname="backend.tests.test_valuation_pdf_kredo" name="test_pdf_forbidden_for_non_owner_dealer" time="0.240" /><testcase classname="backend.tests.test_valuation_pdf_kredo" name="test_pdf_without_market_values_still_ok" time="1.306" /></testsuite></testsuites>