<?xml version="1.0" encoding="utf-8"?><testsuites name="pytest tests"><testsuite name="pytest" errors="0" failures="0" skipped="0" tests="8" time="3.796" timestamp="2026-07-19T20:54:34.077146+00:00" hostname="agent-env-cf279e99-8c1d-4eda-a524-7dd30d9070a4"><testcase classname="backend.tests.test_multi_user_dealerships.TestRegisterAndMe" name="test_register_creates_dealership_and_links_user" time="0.320" /><testcase classname="backend.tests.test_multi_user_dealerships.TestRegisterAndMe" name="test_patch_me_updates_job_title" time="0.377" /><testcase classname="backend.tests.test_multi_user_dealerships.TestAdminDealerships" name="test_admin_list_dealerships" time="0.261" /><testcase classname="backend.tests.test_multi_user_dealerships.TestAdminDealerships" name="test_admin_add_user_to_dealership" time="0.513" /><testcase classname="backend.tests.test_multi_user_dealerships.TestMultiUserE2E" name="test_a_submits_b_sees_it" time="0.924" /><testcase classname="backend.tests.test_multi_user_dealerships.TestMultiUserE2E" name="test_b_submits_a_sees_both_and_correct_submitter" time="0.192" /><testcase classname="backend.tests.test_multi_user_dealerships.TestMultiUserE2E" name="test_billing_my_is_dealership_scoped" time="0.860" /><testcase classname="backend.tests.test_multi_user_dealerships.TestMultiUserE2E" name="test_valuation_pdf_accessible_to_either_user" time="0.278" /></testsuite></testsuites>