<?xml version="1.0" encoding="utf-8"?><testsuites name="pytest tests"><testsuite name="pytest" errors="0" failures="0" skipped="0" tests="13" time="11.481" timestamp="2026-07-15T22:50:09.563699+00:00" hostname="agent-env-83f2cc6b-3dfe-4782-933b-bcd861210fd4"><testcase classname="backend.tests.test_phase3.TestReferenceNumbers" name="test_create_submission_returns_reference_field" time="0.540" /><testcase classname="backend.tests.test_phase3.TestReferenceNumbers" name="test_sequential_references_increment" time="0.131" /><testcase classname="backend.tests.test_phase3.TestReferenceNumbers" name="test_my_submissions_include_reference" time="0.117" /><testcase classname="backend.tests.test_phase3.TestReferenceNumbers" name="test_admin_submissions_include_reference" time="0.144" /><testcase classname="backend.tests.test_phase3.TestReferenceNumbers" name="test_get_single_submission_has_ref_and_market_fields" time="0.044" /><testcase classname="backend.tests.test_phase3.TestAdminDeleteSubmission" name="test_dealer_cannot_delete" time="0.046" /><testcase classname="backend.tests.test_phase3.TestAdminDeleteSubmission" name="test_admin_delete_succeeds" time="0.125" /><testcase classname="backend.tests.test_phase3.TestAdminDeleteSubmission" name="test_admin_delete_invalid_id_returns_404" time="0.082" /><testcase classname="backend.tests.test_phase3.TestMarketAnalysis" name="test_owner_dealer_can_generate" time="5.174" /><testcase classname="backend.tests.test_phase3.TestMarketAnalysis" name="test_other_dealer_forbidden" time="0.182" /><testcase classname="backend.tests.test_phase3.TestMarketAnalysis" name="test_admin_can_generate" time="4.679" /><testcase classname="backend.tests.test_phase3.TestMarketAnalysis" name="test_market_analysis_persisted_on_get" time="0.047" /><testcase classname="backend.tests.test_phase3.TestMarketAnalysis" name="test_missing_submission_returns_404" time="0.058" /></testsuite></testsuites>