<?xml version="1.0" encoding="utf-8"?><testsuites name="pytest tests"><testsuite name="pytest" errors="0" failures="0" skipped="0" tests="23" time="2.496" timestamp="2026-07-15T19:43:12.848259+00:00" hostname="agent-env-83f2cc6b-3dfe-4782-933b-bcd861210fd4"><testcase classname="backend.tests.backend_test" name="test_health" time="0.150" /><testcase classname="backend.tests.backend_test.TestAuth" name="test_register_dealer_returns_token_and_user" time="0.126" /><testcase classname="backend.tests.backend_test.TestAuth" name="test_register_duplicate_email_409" time="0.057" /><testcase classname="backend.tests.backend_test.TestAuth" name="test_login_admin" time="0.113" /><testcase classname="backend.tests.backend_test.TestAuth" name="test_login_dealer" time="0.112" /><testcase classname="backend.tests.backend_test.TestAuth" name="test_login_wrong_password_401" time="0.110" /><testcase classname="backend.tests.backend_test.TestAuth" name="test_auth_me_with_token" time="0.057" /><testcase classname="backend.tests.backend_test.TestAuth" name="test_auth_me_no_token_401" time="0.059" /><testcase classname="backend.tests.backend_test.TestAuth" name="test_auth_me_invalid_token_401" time="0.052" /><testcase classname="backend.tests.backend_test.TestVehicleDB" name="test_makes_seeded" time="0.057" /><testcase classname="backend.tests.backend_test.TestVehicleDB" name="test_models_for_make" time="0.108" /><testcase classname="backend.tests.backend_test.TestVehicleDB" name="test_derivatives_for_model" time="0.173" /><testcase classname="backend.tests.backend_test.TestSubmissions" name="test_create_submission_persists" time="0.298" /><testcase classname="backend.tests.backend_test.TestSubmissions" name="test_admin_lists_all_submissions" time="0.054" /><testcase classname="backend.tests.backend_test.TestSubmissions" name="test_admin_prices_submission_non_blocking_push" time="0.121" /><testcase classname="backend.tests.backend_test.TestSubmissions" name="test_pricing_reflected_in_submission" time="0.056" /><testcase classname="backend.tests.backend_test.TestAdminDealers" name="test_admin_list_dealers_has_submission_count" time="0.059" /><testcase classname="backend.tests.backend_test.TestAdminDealers" name="test_admin_delete_dealer_cascades_submissions" time="0.223" /><testcase classname="backend.tests.backend_test.TestRBAC" name="test_dealer_cannot_access_admin_submissions" time="0.054" /><testcase classname="backend.tests.backend_test.TestRBAC" name="test_dealer_cannot_access_admin_dealers" time="0.056" /><testcase classname="backend.tests.backend_test.TestRBAC" name="test_dealer_cannot_price" time="0.059" /><testcase classname="backend.tests.backend_test.TestRBAC" name="test_no_token_on_protected_401" time="0.053" /><testcase classname="backend.tests.backend_test.TestRBAC" name="test_admin_cannot_delete_non_dealer" time="0.163" /></testsuite></testsuites>