<?xml version="1.0" encoding="utf-8"?><testsuites name="pytest tests"><testsuite name="pytest" errors="0" failures="0" skipped="0" tests="12" time="3.939" timestamp="2026-07-20T18:12:59.672798+00:00" hostname="agent-env-cf279e99-8c1d-4eda-a524-7dd30d9070a4"><testcase classname="backend.tests.test_rewards.TestRewardsMeShape" name="test_shape_zero_balance" time="0.297" /><testcase classname="backend.tests.test_rewards.TestRewardsMeShape" name="test_admin_cannot_access_rewards_me" time="0.173" /><testcase classname="backend.tests.test_rewards.TestAwardIdempotency" name="test_award_on_price_within_sla_then_idempotent" time="0.721" /><testcase classname="backend.tests.test_rewards.TestSlaAwardGuard" name="test_no_award_when_outside_sla" time="0.577" /><testcase classname="backend.tests.test_rewards.TestRedeem" name="test_redeem_insufficient_400" time="0.171" /><testcase classname="backend.tests.test_rewards.TestRedeem" name="test_redeem_success_deducts_points_and_creates_pending" time="0.299" /><testcase classname="backend.tests.test_rewards.TestRedeem" name="test_redeem_defaults_email_to_login_email" time="0.199" /><testcase classname="backend.tests.test_rewards.TestAdminInboxAndActions" name="test_admin_list_all_and_filter_pending" time="0.372" /><testcase classname="backend.tests.test_rewards.TestAdminInboxAndActions" name="test_fulfill_marks_and_no_balance_change_plus_double_fulfill_blocked" time="0.434" /><testcase classname="backend.tests.test_rewards.TestAdminInboxAndActions" name="test_reject_refunds_points" time="0.426" /><testcase classname="backend.tests.test_rewards.TestRbac" name="test_dealer_cannot_list_admin_redemptions" time="0.061" /><testcase classname="backend.tests.test_rewards.TestRbac" name="test_no_token_rewards_me_401" time="0.059" /></testsuite></testsuites>