<?xml version="1.0" encoding="utf-8"?><testsuites name="pytest tests"><testsuite name="pytest" errors="0" failures="0" skipped="0" tests="9" time="2.495" timestamp="2026-07-16T00:50:38.772011+00:00" hostname="agent-env-cf279e99-8c1d-4eda-a524-7dd30d9070a4"><testcase classname="backend.tests.test_silo_buckets.TestAdminSubmissionsBuckets" name="test_default_all_returns_counts_and_bucket_field" time="1.102" /><testcase classname="backend.tests.test_silo_buckets.TestAdminSubmissionsBuckets" name="test_bucket_incoming_filters" time="0.317" /><testcase classname="backend.tests.test_silo_buckets.TestAdminSubmissionsBuckets" name="test_bucket_priced_filters" time="0.108" /><testcase classname="backend.tests.test_silo_buckets.TestAdminSubmissionsBuckets" name="test_bucket_archived_filters" time="0.171" /><testcase classname="backend.tests.test_silo_buckets.TestAdminSubmissionsBuckets" name="test_bucket_all_returns_full_list" time="0.107" /><testcase classname="backend.tests.test_silo_buckets.TestAdminSubmissionsBuckets" name="test_counts_match_actual_buckets" time="0.127" /><testcase classname="backend.tests.test_silo_buckets.TestDealerSubmissionsFiltering" name="test_dealer_my_excludes_archived" time="0.251" /><testcase classname="backend.tests.test_silo_buckets.TestDealerSubmissionsFiltering" name="test_dealer_direct_get_archived_returns_404" time="0.108" /><testcase classname="backend.tests.test_silo_buckets.TestDealerSubmissionsFiltering" name="test_admin_direct_get_archived_returns_200" time="0.098" /></testsuite></testsuites>