<?xml version="1.0" encoding="utf-8"?><testsuites name="pytest tests"><testsuite name="pytest" errors="0" failures="0" skipped="0" tests="21" time="2.212" timestamp="2026-07-16T20:03:45.727962+00:00" hostname="agent-env-cf279e99-8c1d-4eda-a524-7dd30d9070a4"><testcase classname="backend.tests.test_submit_fields" name="test_health" time="0.310" /><testcase classname="backend.tests.test_submit_fields.TestNewFieldsAccepted" name="test_windscreen_new_perfect" time="0.240" /><testcase classname="backend.tests.test_submit_fields.TestNewFieldsAccepted" name="test_windscreen_new_chip_repairs" time="0.058" /><testcase classname="backend.tests.test_submit_fields.TestNewFieldsAccepted" name="test_windscreen_new_needs_replacement" time="0.060" /><testcase classname="backend.tests.test_submit_fields.TestNewFieldsAccepted" name="test_windscreen_legacy_chip_still_accepted" time="0.077" /><testcase classname="backend.tests.test_submit_fields.TestNewFieldsAccepted" name="test_windscreen_legacy_crack_still_accepted" time="0.060" /><testcase classname="backend.tests.test_submit_fields.TestNewFieldsAccepted" name="test_windscreen_bogus_rejected" time="0.056" /><testcase classname="backend.tests.test_submit_fields.TestNewFieldsAccepted" name="test_paint_quality_options[Excellent]" time="0.059" /><testcase classname="backend.tests.test_submit_fields.TestNewFieldsAccepted" name="test_paint_quality_options[Fair]" time="0.055" /><testcase classname="backend.tests.test_submit_fields.TestNewFieldsAccepted" name="test_paint_quality_options[Poor]" time="0.055" /><testcase classname="backend.tests.test_submit_fields.TestNewFieldsAccepted" name="test_paint_quality_bogus_rejected" time="0.057" /><testcase classname="backend.tests.test_submit_fields.TestNewFieldsAccepted" name="test_all_accident_damage_types" time="0.056" /><testcase classname="backend.tests.test_submit_fields.TestServerSideCoercion" name="test_paint_quality_nulled_when_flag_false" time="0.059" /><testcase classname="backend.tests.test_submit_fields.TestServerSideCoercion" name="test_accident_damage_types_cleared_when_flag_false" time="0.062" /><testcase classname="backend.tests.test_submit_fields.TestGetSubmission" name="test_get_returns_new_fields" time="0.116" /><testcase classname="backend.tests.test_submit_fields.TestRatingsRequired" name="test_missing_rating_zero_rejected" time="0.060" /><testcase classname="backend.tests.test_submit_fields.TestRatingsRequired" name="test_rating_over_ten_rejected" time="0.059" /><testcase classname="backend.tests.test_submit_fields.TestRegression" name="test_admin_submissions_lists_new_docs" time="0.234" /><testcase classname="backend.tests.test_submit_fields.TestRegression" name="test_admin_dealers_endpoint_ok" time="0.294" /><testcase classname="backend.tests.test_submit_fields.TestRegression" name="test_admin_billing_endpoint_ok" time="0.055" /><testcase classname="backend.tests.test_submit_fields.TestRegression" name="test_dealer_photos_endpoint_ok" time="0.053" /></testsuite></testsuites>