<?xml version="1.0" encoding="utf-8"?><testsuites name="pytest tests"><testsuite name="pytest" errors="0" failures="0" skipped="0" tests="20" time="13.403" timestamp="2026-07-17T07:33:15.752414+00:00" hostname="agent-env-cf279e99-8c1d-4eda-a524-7dd30d9070a4"><testcase classname="tests.test_tyre_estimate" name="test_health" time="0.165" /><testcase classname="tests.test_tyre_estimate.TestRimSizeValidation" name="test_rim_size_17_succeeds_and_persisted" time="0.202" /><testcase classname="tests.test_tyre_estimate.TestRimSizeValidation" name="test_rim_size_omitted_succeeds" time="0.045" /><testcase classname="tests.test_tyre_estimate.TestRimSizeValidation" name="test_rim_size_null_succeeds" time="0.053" /><testcase classname="tests.test_tyre_estimate.TestRimSizeValidation" name="test_rim_size_out_of_range_422[11]" time="0.052" /><testcase classname="tests.test_tyre_estimate.TestRimSizeValidation" name="test_rim_size_out_of_range_422[27]" time="0.047" /><testcase classname="tests.test_tyre_estimate.TestRimSizeValidation" name="test_rim_size_out_of_range_422[100]" time="0.053" /><testcase classname="tests.test_tyre_estimate.TestRimSizeValidation" name="test_rim_size_out_of_range_422[-1]" time="0.050" /><testcase classname="tests.test_tyre_estimate.TestRimSizeValidation" name="test_rim_size_out_of_range_422[0]" time="0.050" /><testcase classname="tests.test_tyre_estimate.TestRimSizeValidation" name="test_rim_size_boundaries_accepted" time="0.118" /><testcase classname="tests.test_tyre_estimate.TestGetReturnsRimSize" name="test_get_returns_rim_size" time="0.098" /><testcase classname="tests.test_tyre_estimate.TestTyreEstimateAuthorization" name="test_unauthenticated_401" time="0.096" /><testcase classname="tests.test_tyre_estimate.TestTyreEstimateAuthorization" name="test_dealer_403" time="0.048" /><testcase classname="tests.test_tyre_estimate.TestTyreEstimateHappyPath" name="test_admin_estimate_success" time="5.723" /><testcase classname="tests.test_tyre_estimate.TestTyreEstimateHappyPath" name="test_submission_doc_persisted" time="0.048" /><testcase classname="tests.test_tyre_estimate.TestTyreEstimateHappyPath" name="test_second_call_overwrites_cache" time="6.190" /><testcase classname="tests.test_tyre_estimate.TestRegression" name="test_dealer_submissions_list" time="0.051" /><testcase classname="tests.test_tyre_estimate.TestRegression" name="test_admin_submissions_list" time="0.092" /><testcase classname="tests.test_tyre_estimate.TestRegression" name="test_admin_billing" time="0.049" /><testcase classname="tests.test_tyre_estimate.TestRegression" name="test_market_analysis_endpoint_exists" time="0.094" /></testsuite></testsuites>